<?xml version="1.0" encoding="UTF-8"?>
<!-- Generated by org.testng.reporters.JUnitXMLReporter -->
<testsuite ignored="0" hostname="DESKTOP-B8T3PG1" failures="0" tests="4" name="Test" time="1.351" errors="0" timestamp="2023-02-10T12:22:56 IST">
  <testcase classname="test.BaseTest" name="@BeforeClass initBrowser" time="1.219">
    <failure type="java.lang.NoSuchMethodError" message="&amp;apos;com.google.common.collect.ImmutableMap com.google.common.collect.ImmutableMap.of(java.lang.Object, java.lang.Object, java.lang.Object, java.lang.Object, java.lang.Object, java.lang.Object, java.lang.Object, java.lang.Object, java.lang.Object, java.lang.Object, java.lang.Object, java.lang.Object)&amp;apos;">
      <![CDATA[java.lang.NoSuchMethodError: 'com.google.common.collect.ImmutableMap com.google.common.collect.ImmutableMap.of(java.lang.Object, java.lang.Object, java.lang.Object, java.lang.Object, java.lang.Object, java.lang.Object, java.lang.Object, java.lang.Object, java.lang.Object, java.lang.Object, java.lang.Object, java.lang.Object)'
at org.openqa.selenium.chrome.AddHasCasting.getAdditionalCommands(AddHasCasting.java:38)
at org.openqa.selenium.chrome.ChromeDriver$ChromeDriverCommandExecutor.getExtraCommands(ChromeDriver.java:99)
at org.openqa.selenium.chrome.ChromeDriver$ChromeDriverCommandExecutor.<init>(ChromeDriver.java:94)
at org.openqa.selenium.chrome.ChromeDriver.<init>(ChromeDriver.java:82)
at org.openqa.selenium.chrome.ChromeDriver.<init>(ChromeDriver.java:50)
at test.BaseTest.initBrowser(BaseTest.java:21)
at java.base/java.util.ArrayList.forEach(ArrayList.java:1511)
... Removed 25 stack frames]]>
    </failure>
  </testcase> <!-- @BeforeClass initBrowser -->
  <testcase classname="test.BaseTest" name="@BeforeClass pageObjects" time="-1.676011976496E9">
    <skipped/>
  </testcase> <!-- @BeforeClass pageObjects -->
  <testcase classname="test.BaseTest" name="@AfterClass tearDownEnviroment" time="-1.67601197657E9">
    <skipped/>
  </testcase> <!-- @AfterClass tearDownEnviroment -->
  <testcase classname="test.LoginTest" name="verifyUrl" time="0.0">
    <skipped/>
  </testcase> <!-- verifyUrl -->
  <testcase classname="test.LoginTest" name="verifyTitleOfLoginPg" time="0.0">
    <skipped/>
  </testcase> <!-- verifyTitleOfLoginPg -->
  <testcase classname="test.LoginTest" name="verifyTitleOfBuild" time="0.0">
    <skipped/>
  </testcase> <!-- verifyTitleOfBuild -->
  <testcase classname="test.LoginTest" name="verifyLognWithCorrectCredintial" time="0.0">
    <skipped/>
  </testcase> <!-- verifyLognWithCorrectCredintial -->
</testsuite> <!-- Test -->
